d:\github\sp2\release\application.ipdb
d:\github\sp2\release\application.iobj
d:\github\sp2\application\release\vc142.pdb
d:\github\sp2\application\release\startmenuscene.obj
d:\github\sp2\application\release\shader.obj
d:\github\sp2\application\release\carnivalscene.obj
d:\github\sp2\application\release\mazescene.obj
d:\github\sp2\application\release\martscene.obj
d:\github\sp2\application\release\districtscene.obj
d:\github\sp2\application\release\sharkscene.obj
d:\github\sp2\application\release\beachscene.obj
d:\github\sp2\application\release\scenemanager.obj
d:\github\sp2\application\release\overworldscene.obj
d:\github\sp2\application\release\quad.obj
d:\github\sp2\application\release\pausemenuscene.obj
d:\github\sp2\application\release\meshbuilder.obj
d:\github\sp2\application\release\mesh.obj
d:\github\sp2\application\release\main.obj
d:\github\sp2\application\release\loadtga.obj
d:\github\sp2\application\release\loadobj.obj
d:\github\sp2\application\release\gameobject.obj
d:\github\sp2\application\release\camera3.obj
d:\github\sp2\application\release\application.obj
d:\github\sp2\application\release\winnerscene.obj
d:\github\sp2\application\release\utility.obj
d:\github\sp2\application\release\templatescene.obj
d:\github\sp2\release\application.exe
d:\github\sp2\release\application.pdb
d:\github\sp2\application\release\application.tlog\application.write.1u.tlog
d:\github\sp2\application\release\application.tlog\cl.command.1.tlog
d:\github\sp2\application\release\application.tlog\cl.read.1.tlog
d:\github\sp2\application\release\application.tlog\cl.write.1.tlog
d:\github\sp2\application\release\application.tlog\link.command.1.tlog
d:\github\sp2\application\release\application.tlog\link.read.1.tlog
d:\github\sp2\application\release\application.tlog\link.write.1.tlog
