d:\sp2_group2\sp2\application\debug\vc142.pdb
d:\sp2_group2\sp2\application\debug\vc142.idb
d:\sp2_group2\sp2\application\debug\utility.obj
d:\sp2_group2\sp2\application\debug\shader.obj
d:\sp2_group2\sp2\application\debug\sceneui.obj
d:\sp2_group2\sp2\application\debug\scenetext.obj
d:\sp2_group2\sp2\application\debug\meshbuilder.obj
d:\sp2_group2\sp2\application\debug\mesh.obj
d:\sp2_group2\sp2\application\debug\main.obj
d:\sp2_group2\sp2\application\debug\loadtga.obj
d:\sp2_group2\sp2\application\debug\loadobj.obj
d:\sp2_group2\sp2\application\debug\camera3.obj
d:\sp2_group2\sp2\application\debug\application.obj
d:\sp2_group2\sp2\debug\application.exe
d:\sp2_group2\sp2\debug\application.ilk
d:\sp2_group2\sp2\debug\application.pdb
d:\sp2_group2\sp2\application\debug\application.tlog\cl.command.1.tlog
d:\sp2_group2\sp2\application\debug\application.tlog\cl.read.1.tlog
d:\sp2_group2\sp2\application\debug\application.tlog\cl.write.1.tlog
d:\sp2_group2\sp2\application\debug\application.tlog\link.15764-cvtres.read.1.tlog
d:\sp2_group2\sp2\application\debug\application.tlog\link.15764-cvtres.write.1.tlog
d:\sp2_group2\sp2\application\debug\application.tlog\link.15764-rc.read.1.tlog
d:\sp2_group2\sp2\application\debug\application.tlog\link.15764-rc.write.1.tlog
d:\sp2_group2\sp2\application\debug\application.tlog\link.15764.read.1.tlog
d:\sp2_group2\sp2\application\debug\application.tlog\link.15764.write.1.tlog
d:\sp2_group2\sp2\application\debug\application.tlog\link.command.1.tlog
d:\sp2_group2\sp2\application\debug\application.tlog\link.read.1.tlog
d:\sp2_group2\sp2\application\debug\application.tlog\link.write.1.tlog
